<?xml version="1.0" encoding="UTF-8"?>
<!-- Generated by org.testng.reporters.JUnitReportReporter -->
<testsuite hostname="LAPTOP-SK1NL9C1" name="com.lh.selenium.test.testsc" tests="1" failures="0" timestamp="12 Apr 2019 08:39:22 GMT" time="0.040" errors="0">
  <testcase name="tt" time="0.040" classname="com.lh.selenium.test.testsc"/>
</testsuite> <!-- com.lh.selenium.test.testsc -->
