<?xml version="1.0" encoding="UTF-8"?>
<!-- Generated by org.testng.reporters.JUnitReportReporter -->
<testsuite hostname="LAPTOP-SK1NL9C1" name="com.leafive.test.com.automate.test.test" tests="1" failures="0" timestamp="12 Apr 2019 05:15:27 GMT" time="0.017" errors="0">
  <testcase name="d" time="0.017" classname="com.leafive.test.com.automate.test.test"/>
</testsuite> <!-- com.leafive.test.com.automate.test.test -->
