<?xml version="1.0" encoding="UTF-8"?>
<!-- Generated by org.testng.reporters.JUnitReportReporter -->
<testsuite hostname="LAPTOP-SK1NL9C1" name="test" tests="1" failures="0" timestamp="12 Apr 2019 06:02:14 GMT" time="0.011" errors="0">
  <testcase name="tt" time="0.011" classname="test"/>
</testsuite> <!-- test -->
