<?xml version="1.0" encoding="UTF-8"?>
<!-- Generated by org.testng.reporters.JUnitReportReporter -->
<testsuite hostname="LAPTOP-SK1NL9C1" name="com.lh.selenium.test.testsc" tests="1" failures="0" timestamp="17 Apr 2019 06:05:33 GMT" time="0.022" errors="0">
  <testcase name="test4" time="0.022" classname="com.lh.selenium.test.testsc"/>
</testsuite> <!-- com.lh.selenium.test.testsc -->
